hocCungBe/build/outputs/logs/manifest-merger-debug-report.txt
-- Merging decision tree log ---
manifest
ADDED from src\main\AndroidManifest.xml:2:1-71:12
	package
		ADDED from src\main\AndroidManifest.xml:3:5-39
		INJECTED from src\main\AndroidManifest.xml
		INJECTED from src\main\AndroidManifest.xml
	android:versionName
		ADDED from src\main\AndroidManifest.xml:6:5-30
		INJECTED from src\main\AndroidManifest.xml
		INJECTED from src\main\AndroidManifest.xml
	android:versionCode
		ADDED from src\main\AndroidManifest.xml:5:5-28
		INJECTED from src\main\AndroidManifest.xml
		INJECTED from src\main\AndroidManifest.xml
	xmlns:android
		ADDED from src\main\AndroidManifest.xml:2:11-69
	android:installLocation
		ADDED from src\main\AndroidManifest.xml:4:5-45
uses-sdk
ADDED from src\main\AndroidManifest.xml:8:5-10:41
MERGED from [HocCungBe:library:unspecified] AndroidManifest.xml:7:5-9:41
MERGED from [com.android.support:appcompat-v7:19.1.0] AndroidManifest.xml:18:5-42
	android:targetSdkVersion
		ADDED from src\main\AndroidManifest.xml:10:9-38
		INJECTED from src\main\AndroidManifest.xml
		INJECTED from src\main\AndroidManifest.xml
	android:minSdkVersion
		ADDED from src\main\AndroidManifest.xml:9:9-34
		INJECTED from src\main\AndroidManifest.xml
		INJECTED from src\main\AndroidManifest.xml
application
ADDED from src\main\AndroidManifest.xml:12:5-69:19
MERGED from [com.android.support:appcompat-v7:19.1.0] AndroidManifest.xml:19:5-20
	android:label
		ADDED from src\main\AndroidManifest.xml:15:9-41
	android:allowBackup
		ADDED from src\main\AndroidManifest.xml:13:9-35
	android:icon
		ADDED from src\main\AndroidManifest.xml:14:9-45
	android:theme
		ADDED from src\main\AndroidManifest.xml:16:9-40
activity#com.gboxstudio.hoccungbe.SplashActivity
ADDED from src\main\AndroidManifest.xml:17:9-26:20
	android:screenOrientation
		ADDED from src\main\AndroidManifest.xml:19:13-50
	android:theme
		ADDED from src\main\AndroidManifest.xml:20:13-71
	android:name
		ADDED from src\main\AndroidManifest.xml:18:13-67
intent-filter#android.intent.action.MAIN+android.intent.category.LAUNCHER
ADDED from src\main\AndroidManifest.xml:21:13-25:29
action#android.intent.action.MAIN
ADDED from src\main\AndroidManifest.xml:22:17-69
	android:name
		ADDED from src\main\AndroidManifest.xml:22:25-66
category#android.intent.category.LAUNCHER
ADDED from src\main\AndroidManifest.xml:24:17-77
	android:name
		ADDED from src\main\AndroidManifest.xml:24:27-74
activity#com.gboxstudio.hoccungbe.MainActivity
ADDED from src\main\AndroidManifest.xml:27:9-32:20
	android:screenOrientation
		ADDED from src\main\AndroidManifest.xml:30:13-50
	android:label
		ADDED from src\main\AndroidManifest.xml:29:13-45
	android:theme
		ADDED from src\main\AndroidManifest.xml:31:13-71
	android:name
		ADDED from src\main\AndroidManifest.xml:28:13-65
activity#com.gboxstudio.hoccungbe.CharacterActivity
ADDED from src\main\AndroidManifest.xml:33:9-38:20
	android:screenOrientation
		ADDED from src\main\AndroidManifest.xml:36:13-50
	android:label
		ADDED from src\main\AndroidManifest.xml:35:13-45
	android:theme
		ADDED from src\main\AndroidManifest.xml:37:13-71
	android:name
		ADDED from src\main\AndroidManifest.xml:34:13-70
activity#com.gboxstudio.hoccungbe.AnimalActivity
ADDED from src\main\AndroidManifest.xml:39:9-44:20
	android:screenOrientation
		ADDED from src\main\AndroidManifest.xml:42:13-50
	android:label
		ADDED from src\main\AndroidManifest.xml:41:13-45
	android:theme
		ADDED from src\main\AndroidManifest.xml:43:13-71
	android:name
		ADDED from src\main\AndroidManifest.xml:40:13-67
activity#com.gboxstudio.hoccungbe.CarActivity
ADDED from src\main\AndroidManifest.xml:45:9-50:20
	android:screenOrientation
		ADDED from src\main\AndroidManifest.xml:48:13-50
	android:label
		ADDED from src\main\AndroidManifest.xml:47:13-45
	android:theme
		ADDED from src\main\AndroidManifest.xml:49:13-71
	android:name
		ADDED from src\main\AndroidManifest.xml:46:13-64
activity#com.gboxstudio.hoccungbe.FruitActivity
ADDED from src\main\AndroidManifest.xml:51:9-56:20
	android:screenOrientation
		ADDED from src\main\AndroidManifest.xml:54:13-50
	android:label
		ADDED from src\main\AndroidManifest.xml:53:13-45
	android:theme
		ADDED from src\main\AndroidManifest.xml:55:13-71
	android:name
		ADDED from src\main\AndroidManifest.xml:52:13-66
activity#com.gboxstudio.hoccungbe.NumberActivity
ADDED from src\main\AndroidManifest.xml:57:9-62:20
	android:screenOrientation
		ADDED from src\main\AndroidManifest.xml:60:13-50
	android:label
		ADDED from src\main\AndroidManifest.xml:59:13-45
	android:theme
		ADDED from src\main\AndroidManifest.xml:61:13-71
	android:name
		ADDED from src\main\AndroidManifest.xml:58:13-67
activity#com.gboxstudio.hoccungbe.ShapeActivity
ADDED from src\main\AndroidManifest.xml:63:9-68:20
	android:screenOrientation
		ADDED from src\main\AndroidManifest.xml:66:13-50
	android:label
		ADDED from src\main\AndroidManifest.xml:65:13-45
	android:theme
		ADDED from src\main\AndroidManifest.xml:67:13-71
	android:name
		ADDED from src\main\AndroidManifest.xml:64:13-66